{"level":"info","message":"Database connected successfully","service":"Database service"}
{"level":"info","message":"Server is listening at address 5000","service":"user-service"}
{"level":"info","message":"Database connected successfully","service":"Database service"}
{"level":"info","message":"Server is listening at address 5000","service":"user-service"}
{"level":"info","message":"Database connected successfully","service":"Database service"}
{"level":"info","message":"Server is listening at address 5000","service":"user-service"}
{"level":"info","message":"Database connected successfully","service":"Database service"}
{"level":"info","message":"Server is listening at address 5000","service":"user-service"}
{"level":"error","message":"Cast to ObjectId failed for value \"65090dsfs5ce8be52201a8ae8b\" (type string) at path \"_id\" for model \"User\"","service":"user-service"}
{"level":"info","message":"Database connected successfully","service":"Database service"}
{"level":"info","message":"Server is listening at address 5000","service":"user-service"}
{"level":"error","message":"next is not a function","service":"user-service"}
{"level":"info","message":"Database connected successfully","service":"Database service"}
{"level":"info","message":"Server is listening at address 5000","service":"user-service"}
{"level":"error","message":"next is not a function","service":"user-service"}
{"level":"info","message":"Database connected successfully","service":"Database service"}
{"level":"info","message":"Server is listening at address 5000","service":"user-service"}
{"level":"error","message":"next is not a function","service":"user-service"}
{"level":"info","message":"Database connected successfully","service":"Database service"}
{"level":"info","message":"Server is listening at address 5000","service":"user-service"}
{"level":"info","message":"Database connected successfully","service":"Database service"}
{"level":"info","message":"Server is listening at address 5000","service":"user-service"}
{"level":"error","message":"next is not a function","service":"user-service"}
{"level":"info","message":"Database connected successfully","service":"Database service"}
{"level":"info","message":"Server is listening at address 5000","service":"user-service"}
{"level":"info","message":"Database connected successfully","service":"Database service"}
{"level":"info","message":"Server is listening at address 5000","service":"user-service"}
{"level":"error","message":"next is not a function","service":"user-service"}
{"level":"info","message":"Database connected successfully","service":"Database service"}
{"level":"info","message":"Server is listening at address 5000","service":"user-service"}
{"level":"error","message":"next is not a function","service":"user-service"}
{"level":"info","message":"Database connected successfully","service":"Database service"}
{"level":"info","message":"Server is listening at address 5000","service":"user-service"}
{"level":"info","message":"Database connected successfully","service":"Database service"}
{"level":"info","message":"Server is listening at address 5000","service":"user-service"}
{"level":"error","message":"E11000 duplicate key error collection: quiz.users index: email_1 dup key: { email: \"sanumanu@gmail.com\" }","service":"user-service"}
{"level":"error","message":"next is not a function","service":"user-service"}
{"level":"error","message":"Cast to ObjectId failed for value \"65090dsfs5ce8be52201a8ae8b\" (type string) at path \"_id\" for model \"User\"","service":"user-service"}
{"level":"info","message":"Database connected successfully","service":"Database service"}
{"level":"info","message":"Server is listening at address 5000","service":"user-service"}
{"level":"error","message":"E11000 duplicate key error collection: quiz.users index: email_1 dup key: { email: \"sanumanu2@gmail.com\" }","service":"user-service"}
{"level":"error","message":"next is not a function","service":"user-service"}
{"level":"info","message":"Database connected successfully","service":"Database service"}
{"level":"info","message":"Server is listening at address 5000","service":"user-service"}
{"level":"info","message":"Database connected successfully","service":"Database service"}
{"level":"info","message":"Server is listening at address 5000","service":"user-service"}
{"level":"info","message":"Database connected successfully","service":"Database service"}
{"level":"info","message":"Server is listening at address 5000","service":"user-service"}
{"level":"error","message":"next is not a function","service":"user-service"}
{"level":"info","message":"Database connected successfully","service":"Database service"}
{"level":"info","message":"Server is listening at address 5000","service":"user-service"}
{"level":"error","message":"next is not a function","service":"user-service"}
{"level":"info","message":"Database connected successfully","service":"Database service"}
{"level":"info","message":"Server is listening at address 5000","service":"user-service"}
{"level":"info","message":"Database connected successfully","service":"Database service"}
{"level":"info","message":"Server is listening at address 5000","service":"user-service"}
{"level":"info","message":"Database connected successfully","service":"Database service"}
{"level":"info","message":"Server is listening at address 5000","service":"user-service"}
{"level":"info","message":"Database connected successfully","service":"Database service"}
{"level":"info","message":"Server is listening at address 5000","service":"user-service"}
{"level":"info","message":"Database connected successfully","service":"Database service"}
{"level":"info","message":"Server is listening at address 5000","service":"user-service"}
{"level":"info","message":"Database connected successfully","service":"Database service"}
{"level":"info","message":"Server is listening at address 5000","service":"user-service"}
{"level":"error","message":"E11000 duplicate key error collection: quiz.users index: email_1 dup key: { email: \"sanumanu2@gmail.com\" }","service":"user-service"}
{"level":"error","message":"next is not a function","service":"user-service"}
{"level":"info","message":"Database connected successfully","service":"Database service"}
{"level":"info","message":"Server is listening at address 5000","service":"user-service"}
{"level":"info","message":"Database connected successfully","service":"Database service"}
{"level":"info","message":"Server is listening at address 5000","service":"user-service"}
{"level":"info","message":"Database connected successfully","service":"Database service"}
{"level":"info","message":"Server is listening at address 5000","service":"user-service"}
{"level":"info","message":"Database connected successfully","service":"Database service"}
{"level":"info","message":"Server is listening at address 5000","service":"user-service"}
{"level":"info","message":"Database connected successfully","service":"Database service"}
{"level":"info","message":"Server is listening at address 5000","service":"user-service"}
{"level":"info","message":"Database connected successfully","service":"Database service"}
{"level":"info","message":"Server is listening at address 5000","service":"user-service"}
{"level":"info","message":"Database connected successfully","service":"Database service"}
{"level":"info","message":"Server is listening at address 5000","service":"user-service"}
{"level":"info","message":"Database connected successfully","service":"Database service"}
{"level":"info","message":"Server is listening at address 5000","service":"user-service"}
{"level":"error","message":"next is not a function","service":"user-service"}
{"level":"info","message":"Database connected successfully","service":"Database service"}
{"level":"info","message":"Server is listening at address 5000","service":"user-service"}
{"level":"info","message":"Database connected successfully","service":"Database service"}
{"level":"info","message":"Server is listening at address 5000","service":"user-service"}
{"level":"info","message":"Database connected successfully","service":"Database service"}
{"level":"info","message":"Server is listening at address 5000","service":"user-service"}
{"level":"info","message":"Database connected successfully","service":"Database service"}
{"level":"info","message":"Server is listening at address 5000","service":"user-service"}
{"level":"info","message":"Database connected successfully","service":"Database service"}
{"level":"info","message":"Server is listening at address 5000","service":"user-service"}
{"level":"info","message":"Database connected successfully","service":"Database service"}
{"level":"info","message":"Server is listening at address 5000","service":"user-service"}
{"level":"info","message":"Database connected successfully","service":"Database service"}
{"level":"info","message":"Server is listening at address 5000","service":"user-service"}
{"level":"info","message":"Database connected successfully","service":"Database service"}
{"level":"info","message":"Server is listening at address 5000","service":"user-service"}
{"level":"info","message":"Database connected successfully","service":"Database service"}
{"level":"info","message":"Server is listening at address 5000","service":"user-service"}
{"level":"info","message":"Database connected successfully","service":"Database service"}
{"level":"info","message":"Server is listening at address 5000","service":"user-service"}
{"level":"info","message":"Database connected successfully","service":"Database service"}
{"level":"info","message":"Server is listening at address 5000","service":"user-service"}
{"level":"info","message":"Database connected successfully","service":"Database service"}
{"level":"info","message":"Server is listening at address 5000","service":"user-service"}
{"level":"info","message":"Database connected successfully","service":"Database service"}
{"level":"info","message":"Server is listening at address 5000","service":"user-service"}
{"level":"info","message":"Database connected successfully","service":"Database service"}
{"level":"info","message":"Server is listening at address 5000","service":"user-service"}
{"level":"info","message":"Database connected successfully","service":"Database service"}
{"level":"info","message":"Server is listening at address 5000","service":"user-service"}
{"level":"info","message":"Database connected successfully","service":"Database service"}
{"level":"info","message":"Server is listening at address 5000","service":"user-service"}
{"level":"error","message":"next is not a function","service":"user-service"}
{"level":"error","message":"next is not a function","service":"user-service"}
{"level":"error","message":"next is not a function","service":"user-service"}
{"level":"error","message":"next is not a function","service":"user-service"}
{"level":"error","message":"next is not a function","service":"user-service"}
{"level":"error","message":"next is not a function","service":"user-service"}
{"level":"error","message":"next is not a function","service":"user-service"}
{"level":"error","message":"next is not a function","service":"user-service"}
{"level":"error","message":"next is not a function","service":"user-service"}
{"level":"error","message":"next is not a function","service":"user-service"}
{"level":"error","message":"next is not a function","service":"user-service"}
{"level":"error","message":"next is not a function","service":"user-service"}
{"level":"error","message":"next is not a function","service":"user-service"}
{"level":"info","message":"Database connected successfully","service":"Database service"}
{"level":"info","message":"Server is listening at address 5000","service":"user-service"}
{"level":"error","message":"next is not a function","service":"user-service"}
{"level":"info","message":"Database connected successfully","service":"Database service"}
{"level":"info","message":"Server is listening at address 5000","service":"user-service"}
{"level":"info","message":"Database connected successfully","service":"Database service"}
{"level":"info","message":"Server is listening at address 5000","service":"user-service"}
{"level":"error","message":"next is not a function","service":"user-service"}
{"level":"error","message":"next is not a function","service":"user-service"}
{"level":"error","message":"next is not a function","service":"user-service"}
{"level":"error","message":"next is not a function","service":"user-service"}
{"level":"error","message":"next is not a function","service":"user-service"}
{"level":"error","message":"next is not a function","service":"user-service"}
{"level":"error","message":"next is not a function","service":"user-service"}
{"level":"info","message":"Database connected successfully","service":"Database service"}
{"level":"info","message":"Server is listening at address 5000","service":"user-service"}
{"level":"info","message":"Database connected successfully","service":"Database service"}
{"level":"info","message":"Server is listening at address 5000","service":"user-service"}
{"level":"info","message":"Database connected successfully","service":"Database service"}
{"level":"info","message":"Server is listening at address 5000","service":"user-service"}
{"level":"error","message":"next is not a function","service":"user-service"}
{"level":"error","message":"next is not a function","service":"user-service"}
{"level":"error","message":"E11000 duplicate key error collection: quiz.users index: email_1 dup key: { email: \"sanumanu2@gmail.com\" }","service":"user-service"}
{"level":"error","message":"next is not a function","service":"user-service"}
{"level":"info","message":"Database connected successfully","service":"Database service"}
{"level":"info","message":"Server is listening at address 5000","service":"user-service"}
{"level":"info","message":"Database connected successfully","service":"Database service"}
{"level":"info","message":"Server is listening at address 5000","service":"user-service"}
{"level":"info","message":"Database connected successfully","service":"Database service"}
{"level":"info","message":"Server is listening at address 5000","service":"user-service"}
{"level":"info","message":"Database connected successfully","service":"Database service"}
{"level":"info","message":"Server is listening at address 5000","service":"user-service"}
{"level":"error","message":"next is not a function","service":"user-service"}
{"level":"info","message":"Database connected successfully","service":"Database service"}
{"level":"info","message":"Server is listening at address 5000","service":"user-service"}
{"level":"info","message":"Database connected successfully","service":"Database service"}
{"level":"info","message":"Server is listening at address 5000","service":"user-service"}
{"level":"info","message":"Database connected successfully","service":"Database service"}
{"level":"info","message":"Server is listening at address 5000","service":"user-service"}
{"level":"error","message":"next is not a function","service":"user-service"}
{"level":"info","message":"Database connected successfully","service":"Database service"}
{"level":"info","message":"Server is listening at address 5000","service":"user-service"}
{"level":"error","message":"next is not a function","service":"user-service"}
{"level":"error","message":"next is not a function","service":"user-service"}
{"level":"error","message":"next is not a function","service":"user-service"}
{"level":"info","message":"Database connected successfully","service":"Database service"}
{"level":"info","message":"Server is listening at address 5000","service":"user-service"}
{"level":"info","message":"Database connected successfully","service":"Database service"}
{"level":"info","message":"Server is listening at address 5000","service":"user-service"}
{"level":"info","message":"Database connected successfully","service":"Database service"}
{"level":"info","message":"Server is listening at address 5000","service":"user-service"}
{"level":"info","message":"Database connected successfully","service":"Database service"}
{"level":"info","message":"Server is listening at address 5000","service":"user-service"}
{"level":"info","message":"Database connected successfully","service":"Database service"}
{"level":"info","message":"Server is listening at address 5000","service":"user-service"}
{"level":"info","message":"Database connected successfully","service":"Database service"}
{"level":"info","message":"Server is listening at address 5000","service":"user-service"}
{"level":"info","message":"Database connected successfully","service":"Database service"}
{"level":"info","message":"Server is listening at address 5000","service":"user-service"}
{"level":"info","message":"Database connected successfully","service":"Database service"}
{"level":"info","message":"Server is listening at address 5000","service":"user-service"}
{"level":"info","message":"Database connected successfully","service":"Database service"}
{"level":"info","message":"Server is listening at address 5000","service":"user-service"}
{"level":"error","message":"next is not a function","service":"user-service"}
{"level":"info","message":"Database connected successfully","service":"Database service"}
{"level":"info","message":"Server is listening at address 5000","service":"user-service"}
{"level":"info","message":"Database connected successfully","service":"Database service"}
{"level":"info","message":"Server is listening at address 5000","service":"user-service"}
{"level":"info","message":"Database connected successfully","service":"Database service"}
{"level":"info","message":"Server is listening at address 5000","service":"user-service"}
{"level":"error","message":"not working","service":"user-service"}
{"level":"info","message":"Database connected successfully","service":"Database service"}
{"level":"info","message":"Server is listening at address 5000","service":"user-service"}
{"level":"info","message":"Database connected successfully","service":"Database service"}
{"level":"info","message":"Server is listening at address 5000","service":"user-service"}
{"level":"info","message":"Database connected successfully","service":"Database service"}
{"level":"info","message":"Server is listening at address 5000","service":"user-service"}
{"level":"info","message":"Database connected successfully","service":"Database service"}
{"level":"info","message":"Server is listening at address 5000","service":"user-service"}
{"level":"error","service":"user-service"}
{"level":"error","service":"user-service"}
{"level":"error","service":"user-service"}
{"level":"info","message":"Database connected successfully","service":"Database service"}
{"level":"info","message":"Server is listening at address 5000","service":"user-service"}
{"level":"error","service":"user-service"}
{"level":"info","message":"Database connected successfully","service":"Database service"}
{"level":"info","message":"Server is listening at address 5000","service":"user-service"}
{"level":"info","message":"Database connected successfully","service":"Database service"}
{"level":"info","message":"Server is listening at address 5000","service":"user-service"}
{"level":"info","message":"Database connected successfully","service":"Database service"}
{"level":"info","message":"Server is listening at address 5000","service":"user-service"}
{"level":"error","service":"user-service"}
{"level":"info","message":"Database connected successfully","service":"Database service"}
{"level":"info","message":"Server is listening at address 5000","service":"user-service"}
{"level":"error","service":"user-service"}
{"level":"info","message":"Database connected successfully","service":"Database service"}
{"level":"info","message":"Server is listening at address 5000","service":"user-service"}
{"level":"info","message":"Database connected successfully","service":"Database service"}
{"level":"info","message":"Server is listening at address 5000","service":"user-service"}
{"level":"info","message":"Database connected successfully","service":"Database service"}
{"level":"info","message":"Server is listening at address 5000","service":"user-service"}
{"level":"info","message":"Database connected successfully","service":"Database service"}
{"level":"info","message":"Server is listening at address 5000","service":"user-service"}
{"level":"info","message":"Database connected successfully","service":"Database service"}
{"level":"info","message":"Server is listening at address 5000","service":"user-service"}
{"level":"info","message":"Database connected successfully","service":"Database service"}
{"level":"info","message":"Server is listening at address 5000","service":"user-service"}
{"level":"info","message":"Database connected successfully","service":"Database service"}
{"level":"info","message":"Server is listening at address 5000","service":"user-service"}
{"level":"info","message":"Database connected successfully","service":"Database service"}
{"level":"info","message":"Server is listening at address 5000","service":"user-service"}
{"level":"error","message":"user not found","service":"user-service"}
{"level":"info","message":"Database connected successfully","service":"Database service"}
{"level":"info","message":"Server is listening at address 5000","service":"user-service"}
{"level":"info","message":"Database connected successfully","service":"Database service"}
{"level":"info","message":"Server is listening at address 5000","service":"user-service"}
{"level":"info","message":"Database connected successfully","service":"Database service"}
{"level":"info","message":"Server is listening at address 5000","service":"user-service"}
{"level":"info","message":"Database connected successfully","service":"Database service"}
{"level":"info","message":"Server is listening at address 5000","service":"user-service"}
{"level":"info","message":"Database connected successfully","service":"Database service"}
{"level":"info","message":"Server is listening at address 5000","service":"user-service"}
{"level":"info","message":"Database connected successfully","service":"Database service"}
{"level":"info","message":"Server is listening at address 5000","service":"user-service"}
{"level":"info","message":"Database connected successfully","service":"Database service"}
{"level":"info","message":"Server is listening at address 5000","service":"user-service"}
{"level":"error","message":"next is not a function","service":"user-service"}
{"level":"error","message":"next is not a function","service":"user-service"}
{"level":"info","message":"Database connected successfully","service":"Database service"}
{"level":"info","message":"Server is listening at address 5000","service":"user-service"}
{"level":"error","message":"next is not a function","service":"user-service"}
{"level":"error","message":"next is not a function","service":"user-service"}
{"level":"error","message":"E11000 duplicate key error collection: quiz.users index: email_1 dup key: { email: \"fusfi123@gmail.com\" }","service":"user-service"}
{"level":"error","message":"next is not a function","service":"user-service"}
{"level":"error","message":"next is not a function","service":"user-service"}
{"level":"info","message":"Database connected successfully","service":"Database service"}
{"level":"info","message":"Server is listening at address 5000","service":"user-service"}
{"level":"info","message":"Database connected successfully","service":"Database service"}
{"level":"info","message":"Server is listening at address 5000","service":"user-service"}
{"level":"info","message":"Database connected successfully","service":"Database service"}
{"level":"info","message":"Server is listening at address 5000","service":"user-service"}
